2024-10-11 17:22:01,915 DEBUG [org.apache.ibatis.logging.LogFactory] Logging initialized using 'class org.apache.ibatis.logging.log4j2.Log4j2Impl' adapter.
2024-10-11 17:22:01,931 DEBUG [org.apache.ibatis.datasource.pooled.PooledDataSource] PooledDataSource forcefully closed/removed all connections.
2024-10-11 17:22:01,931 DEBUG [org.apache.ibatis.datasource.pooled.PooledDataSource] PooledDataSource forcefully closed/removed all connections.
2024-10-11 17:22:01,931 DEBUG [org.apache.ibatis.datasource.pooled.PooledDataSource] PooledDataSource forcefully closed/removed all connections.
2024-10-11 17:22:01,931 DEBUG [org.apache.ibatis.datasource.pooled.PooledDataSource] PooledDataSource forcefully closed/removed all connections.
2024-10-11 17:22:02,010 DEBUG [org.apache.ibatis.transaction.jdbc.JdbcTransaction] Opening JDBC Connection
2024-10-11 17:22:02,292 DEBUG [org.apache.ibatis.datasource.pooled.PooledDataSource] Created connection 1818449913.
2024-10-11 17:22:02,292 DEBUG [org.apache.ibatis.transaction.jdbc.JdbcTransaction] Setting autocommit to false on JDBC Connection [com.mysql.cj.jdbc.ConnectionImpl@6c6357f9]
2024-10-11 17:22:02,307 DEBUG [StudentMapper.deleteByProfno] ==>  Preparing: DELETE FROM student WHERE profno = ?;
2024-10-11 17:22:02,334 DEBUG [StudentMapper.deleteByProfno] ==> Parameters: null
2024-10-11 17:22:02,336 DEBUG [StudentMapper.deleteByProfno] <==    Updates: 0
2024-10-11 17:22:02,336 DEBUG [ProfessorMapper.delete] ==>  Preparing: DELETE FROM professor WHERE profno = ?;
2024-10-11 17:22:02,336 DEBUG [ProfessorMapper.delete] ==> Parameters: 9913(Integer)
2024-10-11 17:22:02,336 DEBUG [ProfessorMapper.delete] <==    Updates: 1
2024-10-11 17:22:02,336 DEBUG [org.apache.ibatis.transaction.jdbc.JdbcTransaction] Committing JDBC Connection [com.mysql.cj.jdbc.ConnectionImpl@6c6357f9]
2024-10-11 17:22:02,349 DEBUG [ProfessorDelete.class] ====================================
2024-10-11 17:22:02,349 DEBUG [ProfessorDelete.class] 삭제된 데이터: 1개
2024-10-11 17:22:02,353 DEBUG [ProfessorDelete.class] ====================================
2024-10-11 17:22:02,353 DEBUG [org.apache.ibatis.transaction.jdbc.JdbcTransaction] Resetting autocommit to true on JDBC Connection [com.mysql.cj.jdbc.ConnectionImpl@6c6357f9]
2024-10-11 17:22:02,353 DEBUG [org.apache.ibatis.transaction.jdbc.JdbcTransaction] Closing JDBC Connection [com.mysql.cj.jdbc.ConnectionImpl@6c6357f9]
2024-10-11 17:22:02,354 DEBUG [org.apache.ibatis.datasource.pooled.PooledDataSource] Returned connection 1818449913 to pool.
